Using pre-set license
Built from '2020.3/china_unity/release' branch; Version is '2020.3.22f1c1 (9ee66e5289da) revision 10413678'; Using compiler version '192528614'; Build Type 'Release'
OS: 'Windows 10 Home; OS build 22000.434; Version 2009; 64bit' Language: 'zh' Physical Memory: 32476 MB
BatchMode: 1, IsHumanControllingUs: 0, StartBugReporterOnCrash: 0, Is64bit: 1, IsPro: 0

COMMAND LINE ARGUMENTS:
D:\Program Files (x86)\2020.3.22f1c1\Editor\Unity.exe
-adb2
-batchMode
-noUpm
-name
AssetImportWorker0
-projectPath
E:/Unity_Achrive/2022.2WuZhongHardwareControl/CssMobileHardware
-logFile
Logs/AssetImportWorker0.log
-srvPort
52304
Successfully changed project path to: E:/Unity_Achrive/2022.2WuZhongHardwareControl/CssMobileHardware
E:/Unity_Achrive/2022.2WuZhongHardwareControl/CssMobileHardware
Using Asset Import Pipeline V2.
AS: AutoStreaming module initializing.Refreshing native plugins compatible for Editor in 31.57 ms, found 2 plugins.
Preloading 0 native plugins for Editor in 0.00 ms.
Initialize engine version: 2020.3.22f1c1 (9ee66e5289da)
[Subsystems] Discovering subsystems at path D:/Program Files (x86)/2020.3.22f1c1/Editor/Data/Resources/UnitySubsystems
[Subsystems] Discovering subsystems at path E:/Unity_Achrive/2022.2WuZhongHardwareControl/CssMobileHardware/Assets
GfxDevice: creating device client; threaded=0
Direct3D:
    Version:  Direct3D 11.0 [level 11.1]
    Renderer: NVIDIA Quadro P3200 with Max-Q Design (ID=0x1bbb)
    Vendor:   
    VRAM:     6043 MB
    Driver:   30.0.14.7242
Initialize mono
Mono path[0] = 'D:/Program Files (x86)/2020.3.22f1c1/Editor/Data/Managed'
Mono path[1] = 'D:/Program Files (x86)/2020.3.22f1c1/Editor/Data/MonoBleedingEdge/lib/mono/unityjit'
Mono config path = 'D:/Program Files (x86)/2020.3.22f1c1/Editor/Data/MonoBleedingEdge/etc'
Using monoOptions --debugger-agent=transport=dt_socket,embedding=1,server=y,suspend=n,address=127.0.0.1:56132
Begin MonoManager ReloadAssembly
Registering precompiled unity dll's ...
Register platform support module: D:/Program Files (x86)/2020.3.22f1c1/Editor/Data/PlaybackEngines/WindowsStandaloneSupport/UnityEditor.WindowsStandalone.Extensions.dll
Registered in 0.001897 seconds.
Native extension for WindowsStandalone target not found
Refreshing native plugins compatible for Editor in 29.85 ms, found 2 plugins.
Preloading 0 native plugins for Editor in 0.00 ms.
Mono: successfully reloaded assembly
- Completed reload, in  1.432 seconds
Domain Reload Profiling:
	ReloadAssembly (1432ms)
		BeginReloadAssembly (50ms)
			ExecutionOrderSort (0ms)
			DisableScriptedObjects (0ms)
			BackupInstance (0ms)
			ReleaseScriptingObjects (0ms)
			CreateAndSetChildDomain (1ms)
		EndReloadAssembly (445ms)
			LoadAssemblies (48ms)
			RebuildTransferFunctionScriptingTraits (0ms)
			SetupTypeCache (157ms)
			ReleaseScriptCaches (0ms)
			RebuildScriptCaches (31ms)
			SetupLoadedEditorAssemblies (147ms)
				LogAssemblyErrors (0ms)
				InitializePlatformSupportModulesInManaged (4ms)
				SetLoadedEditorAssemblies (0ms)
				RefreshPlugins (30ms)
				BeforeProcessingInitializeOnLoad (15ms)
				ProcessInitializeOnLoadAttributes (72ms)
				ProcessInitializeOnLoadMethodAttributes (25ms)
				AfterProcessingInitializeOnLoad (0ms)
				EditorAssembliesLoaded (0ms)
			ExecutionOrderSort2 (0ms)
			AwakeInstancesAfterBackupRestoration (0ms)
Platform modules already initialized, skipping
Registering precompiled user dll's ...
Registered in 0.004153 seconds.
Begin MonoManager ReloadAssembly
Native extension for WindowsStandalone target not found
Refreshing native plugins compatible for Editor in 0.32 ms, found 2 plugins.
Preloading 0 native plugins for Editor in 0.00 ms.
Mono: successfully reloaded assembly
- Completed reload, in  0.992 seconds
Domain Reload Profiling:
	ReloadAssembly (993ms)
		BeginReloadAssembly (140ms)
			ExecutionOrderSort (0ms)
			DisableScriptedObjects (4ms)
			BackupInstance (0ms)
			ReleaseScriptingObjects (0ms)
			CreateAndSetChildDomain (17ms)
		EndReloadAssembly (792ms)
			LoadAssemblies (77ms)
			RebuildTransferFunctionScriptingTraits (0ms)
			SetupTypeCache (265ms)
			ReleaseScriptCaches (0ms)
			RebuildScriptCaches (39ms)
			SetupLoadedEditorAssemblies (322ms)
				LogAssemblyErrors (0ms)
				InitializePlatformSupportModulesInManaged (4ms)
				SetLoadedEditorAssemblies (0ms)
				RefreshPlugins (0ms)
				BeforeProcessingInitializeOnLoad (76ms)
				ProcessInitializeOnLoadAttributes (226ms)
				ProcessInitializeOnLoadMethodAttributes (9ms)
				AfterProcessingInitializeOnLoad (6ms)
				EditorAssembliesLoaded (0ms)
			ExecutionOrderSort2 (0ms)
			AwakeInstancesAfterBackupRestoration (6ms)
Platform modules already initialized, skipping
========================================================================
Worker process is ready to serve import requests
Launched and connected shader compiler UnityShaderCompiler.exe after 0.07 seconds
Refreshing native plugins compatible for Editor in 0.71 ms, found 2 plugins.
Preloading 0 native plugins for Editor in 0.00 ms.
Unloading 1534 Unused Serialized files (Serialized files now loaded: 0)
System memory in use before: 69.9 MB.
System memory in use after: 70.0 MB.

Unloading 19 unused Assets to reduce memory usage. Loaded Objects now: 1967.
Total: 8.915000 ms (FindLiveObjects: 0.266900 ms CreateObjectMapping: 0.104100 ms MarkObjects: 8.449000 ms  DeleteObjects: 0.093100 ms)

AssetImportParameters requested are different than current active one (requested -> active):
  custom:framework-win-MediaFoundation: 216162199b28c13a410421893ffa2e32 -> 
  custom:video-decoder-ogg-theora: a1e56fd34408186e4bbccfd4996cb3dc -> 
  custom:container-muxer-webm: aa71ff27fc2769a1b78a27578f13a17b -> 
  custom:container-demuxer-webm: 4f35f7cbe854078d1ac9338744f61a02 -> 
  custom:container-demuxer-ogg: 62fdf1f143b41e24485cea50d1cbac27 -> 
  custom:video-encoder-webm-vp8: eb34c28f22e8b96e1ab97ce403110664 -> 
  custom:video-decoder-webm-vp8: 9c59270c3fd7afecdb556c50c9e8de78 -> 
  custom:audio-decoder-ogg-vorbis: bf7c407c2cedff20999df2af8eb42d56 -> 
  custom:audio-encoder-webm-vorbis: bf7c407c2cedff20999df2af8eb42d56 -> 
========================================================================
Received Import Request.
  path: Assets/Graphy - Ultimate Stats Monitor
  artifactKey: Guid(cc8f2cd0d5aa74044ab52a4f725015ee) Importer(815301076,1909f56bfc062723c751e8b465ee728b)
Start importing Assets/Graphy - Ultimate Stats Monitor using Guid(cc8f2cd0d5aa74044ab52a4f725015ee) Importer(815301076,1909f56bfc062723c751e8b465ee728b)  -> (artifact id: '602c865b230ed954a837327235ff6946') in 0.005626 seconds 
  Import took 0.009718 seconds .

========================================================================
Received Import Request.
  Time since last request: 0.000268 seconds.
  path: Assets/Graphy - Ultimate Stats Monitor/Runtime
  artifactKey: Guid(d019fe31826be4d40b791a523a76fa12) Importer(815301076,1909f56bfc062723c751e8b465ee728b)
Start importing Assets/Graphy - Ultimate Stats Monitor/Runtime using Guid(d019fe31826be4d40b791a523a76fa12) Importer(815301076,1909f56bfc062723c751e8b465ee728b)  -> (artifact id: '5c526182797dac00940c7266042f8e8e') in 0.002511 seconds 
  Import took 0.004570 seconds .

========================================================================
Received Import Request.
  Time since last request: 0.000293 seconds.
  path: Assets/Graphy - Ultimate Stats Monitor/GUI/GraphyGUISkin.guiskin
  artifactKey: Guid(663039f397abaa648854c3b8ef8f4256) Importer(815301076,1909f56bfc062723c751e8b465ee728b)
Start importing Assets/Graphy - Ultimate Stats Monitor/GUI/GraphyGUISkin.guiskin using Guid(663039f397abaa648854c3b8ef8f4256) Importer(815301076,1909f56bfc062723c751e8b465ee728b)  -> (artifact id: '74a67f00be216bc7daecfd5d850f3620') in 0.041085 seconds 
  Import took 0.043200 seconds .

========================================================================
Received Import Request.
  Time since last request: 0.000238 seconds.
  path: Assets/Graphy - Ultimate Stats Monitor/GUI
  artifactKey: Guid(88ea372125bb21f49adbb31579e66715) Importer(815301076,1909f56bfc062723c751e8b465ee728b)
Start importing Assets/Graphy - Ultimate Stats Monitor/GUI using Guid(88ea372125bb21f49adbb31579e66715) Importer(815301076,1909f56bfc062723c751e8b465ee728b)  -> (artifact id: '9bb3ca2a308abf2a19982bd3d6d835ff') in 0.003184 seconds 
  Import took 0.005522 seconds .

========================================================================
Received Import Request.
  Time since last request: 1.244995 seconds.
  path: Assets/Graphy - Ultimate Stats Monitor/Prefab/[Graphy].prefab
  artifactKey: Guid(0abab5bb77339e4428787a870eb31bd3) Importer(815301076,1909f56bfc062723c751e8b465ee728b)
Start importing Assets/Graphy - Ultimate Stats Monitor/Prefab/[Graphy].prefab using Guid(0abab5bb77339e4428787a870eb31bd3) Importer(815301076,1909f56bfc062723c751e8b465ee728b)  -> (artifact id: 'c7b8b25769de6fff09e5a0d363151a39') in 0.041194 seconds 
  Import took 0.043890 seconds .

========================================================================
Received Prepare
Registering precompiled user dll's ...
Registered in 0.003563 seconds.
Begin MonoManager ReloadAssembly
Native extension for WindowsStandalone target not found
Refreshing native plugins compatible for Editor in 0.31 ms, found 2 plugins.
Preloading 0 native plugins for Editor in 0.00 ms.
Mono: successfully reloaded assembly
- Completed reload, in  0.901 seconds
Domain Reload Profiling:
	ReloadAssembly (902ms)
		BeginReloadAssembly (96ms)
			ExecutionOrderSort (0ms)
			DisableScriptedObjects (4ms)
			BackupInstance (0ms)
			ReleaseScriptingObjects (0ms)
			CreateAndSetChildDomain (29ms)
		EndReloadAssembly (742ms)
			LoadAssemblies (79ms)
			RebuildTransferFunctionScriptingTraits (0ms)
			SetupTypeCache (265ms)
			ReleaseScriptCaches (1ms)
			RebuildScriptCaches (34ms)
			SetupLoadedEditorAssemblies (257ms)
				LogAssemblyErrors (0ms)
				InitializePlatformSupportModulesInManaged (4ms)
				SetLoadedEditorAssemblies (0ms)
				RefreshPlugins (0ms)
				BeforeProcessingInitializeOnLoad (68ms)
				ProcessInitializeOnLoadAttributes (168ms)
				ProcessInitializeOnLoadMethodAttributes (8ms)
				AfterProcessingInitializeOnLoad (7ms)
				EditorAssembliesLoaded (0ms)
			ExecutionOrderSort2 (0ms)
			AwakeInstancesAfterBackupRestoration (6ms)
Platform modules already initialized, skipping
Switching build target platform(19) subTarget(0) extendedPlatform(0) -> platform(13) subTarget(537395200) extendedPlatform(0)
Refreshing native plugins compatible for Editor in 0.33 ms, found 2 plugins.
Preloading 0 native plugins for Editor in 0.00 ms.
Unloading 1529 Unused Serialized files (Serialized files now loaded: 0)
System memory in use before: 69.7 MB.
System memory in use after: 69.8 MB.

Unloading 14 unused Assets to reduce memory usage. Loaded Objects now: 1969.
Total: 3.106400 ms (FindLiveObjects: 0.148400 ms CreateObjectMapping: 0.037200 ms MarkObjects: 2.906000 ms  DeleteObjects: 0.014100 ms)

AssetImportParameters requested are different than current active one (requested -> active):
  custom:framework-win-MediaFoundation: 216162199b28c13a410421893ffa2e32 -> 
  custom:video-decoder-ogg-theora: a1e56fd34408186e4bbccfd4996cb3dc -> 
  custom:container-muxer-webm: aa71ff27fc2769a1b78a27578f13a17b -> 
  custom:container-demuxer-webm: 4f35f7cbe854078d1ac9338744f61a02 -> 
  custom:container-demuxer-ogg: 62fdf1f143b41e24485cea50d1cbac27 -> 
  custom:video-encoder-webm-vp8: eb34c28f22e8b96e1ab97ce403110664 -> 
  custom:video-decoder-webm-vp8: 9c59270c3fd7afecdb556c50c9e8de78 -> 
  custom:graphics/normal-map-encoding: 01000000000000000000000000000000 -> 02000000000000000000000000000000
  custom:audio-decoder-ogg-vorbis: bf7c407c2cedff20999df2af8eb42d56 -> 
  custom:audio-encoder-webm-vorbis: bf7c407c2cedff20999df2af8eb42d56 -> 
